2018-11-27 18:00:16,683 INFO o.a.j.u.JMeterUtils: Setting Locale to en_EN
2018-11-27 18:00:16,721 INFO o.a.j.JMeter: Loading user properties from: /opt/jmeter/bin/user.properties
2018-11-27 18:00:16,721 INFO o.a.j.JMeter: Loading system properties from: /opt/jmeter/bin/system.properties
2018-11-27 18:00:16,727 INFO o.a.j.JMeter: Copyright (c) 1998-2018 The Apache Software Foundation
2018-11-27 18:00:16,727 INFO o.a.j.JMeter: Version 5.0 r1840935
2018-11-27 18:00:16,727 INFO o.a.j.JMeter: java.version=1.8.0_192
2018-11-27 18:00:16,727 INFO o.a.j.JMeter: java.vm.name=OpenJDK 64-Bit Server VM
2018-11-27 18:00:16,727 INFO o.a.j.JMeter: os.name=Linux
2018-11-27 18:00:16,727 INFO o.a.j.JMeter: os.arch=amd64
2018-11-27 18:00:16,727 INFO o.a.j.JMeter: os.version=4.9.135-1-MANJARO
2018-11-27 18:00:16,727 INFO o.a.j.JMeter: file.encoding=UTF-8
2018-11-27 18:00:16,727 INFO o.a.j.JMeter: Max memory     =1073741824
2018-11-27 18:00:16,728 INFO o.a.j.JMeter: Available Processors =4
2018-11-27 18:00:16,757 INFO o.a.j.JMeter: Default Locale=English (EN)
2018-11-27 18:00:16,758 INFO o.a.j.JMeter: JMeter  Locale=English (EN)
2018-11-27 18:00:16,758 INFO o.a.j.JMeter: JMeterHome=/opt/jmeter
2018-11-27 18:00:16,758 INFO o.a.j.JMeter: user.dir  =/home/mkxv/Documentos/ISE/Practicas/P4
2018-11-27 18:00:16,758 INFO o.a.j.JMeter: PWD       =/home/mkxv/Documentos/ISE/Practicas/P4
2018-11-27 18:00:16,759 INFO o.a.j.JMeter: IP: 127.0.1.1 Name: l00per FullName: l00per
2018-11-27 18:00:17,674 INFO o.a.j.g.a.LookAndFeelCommand: Installing Darcula LAF
2018-11-27 18:00:17,867 INFO o.a.j.g.a.LookAndFeelCommand: Using look and feel: com.bulenkov.darcula.DarculaLaf [Darcula]
2018-11-27 18:00:17,867 INFO o.a.j.JMeter: Setting LAF to: com.bulenkov.darcula.DarculaLaf
2018-11-27 18:00:18,043 INFO o.a.j.JMeter: Loaded icon properties from org/apache/jmeter/images/icon.properties
2018-11-27 18:00:18,540 INFO o.a.j.e.u.CompoundVariable: Note: Function class names must contain the string: '.functions.'
2018-11-27 18:00:18,540 INFO o.a.j.e.u.CompoundVariable: Note: Function class names must not contain the string: '.gui.'
2018-11-27 18:00:25,265 INFO o.a.j.p.h.s.HTTPSamplerBase: Parser for text/html is org.apache.jmeter.protocol.http.parser.LagartoBasedHtmlParser
2018-11-27 18:00:25,265 INFO o.a.j.p.h.s.HTTPSamplerBase: Parser for application/xhtml+xml is org.apache.jmeter.protocol.http.parser.LagartoBasedHtmlParser
2018-11-27 18:00:25,265 INFO o.a.j.p.h.s.HTTPSamplerBase: Parser for application/xml is org.apache.jmeter.protocol.http.parser.LagartoBasedHtmlParser
2018-11-27 18:00:25,265 INFO o.a.j.p.h.s.HTTPSamplerBase: Parser for text/xml is org.apache.jmeter.protocol.http.parser.LagartoBasedHtmlParser
2018-11-27 18:00:25,266 INFO o.a.j.p.h.s.HTTPSamplerBase: Parser for text/vnd.wap.wml is org.apache.jmeter.protocol.http.parser.RegexpHTMLParser
2018-11-27 18:00:25,266 INFO o.a.j.p.h.s.HTTPSamplerBase: Parser for text/css is org.apache.jmeter.protocol.http.parser.CssParser
2018-11-27 18:00:25,689 INFO o.a.j.e.KeyToolUtils: keytool found at 'keytool'
2018-11-27 18:00:25,690 INFO o.a.j.p.h.p.ProxyControl: HTTP(S) Test Script Recorder SSL Proxy will use keys that support embedded 3rd party resources in file /opt/jmeter/bin/proxyserver.jks
2018-11-27 18:00:25,854 INFO o.a.j.s.FileServer: Default base='/home/mkxv/Documentos/ISE/Practicas/P4'
2018-11-27 18:00:26,335 INFO o.a.j.s.SampleResult: Note: Sample TimeStamps are START times
2018-11-27 18:00:26,335 INFO o.a.j.s.SampleResult: sampleresult.default.encoding is set to ISO-8859-1
2018-11-27 18:00:26,335 INFO o.a.j.s.SampleResult: sampleresult.useNanoTime=true
2018-11-27 18:00:26,335 INFO o.a.j.s.SampleResult: sampleresult.nanoThreadSleep=5000
2018-11-27 18:00:26,359 WARN o.a.j.v.ViewResultsFullVisualizer: Error loading result renderer: org.apache.jmeter.visualizers.RenderInBrowser
java.lang.NoClassDefFoundError: javafx/embed/swing/JFXPanel
	at java.lang.Class.forName0(Native Method) ~[?:1.8.0_192]
	at java.lang.Class.forName(Class.java:264) ~[?:1.8.0_192]
	at org.apache.jmeter.visualizers.ViewResultsFullVisualizer.createComboRender(ViewResultsFullVisualizer.java:462) ~[ApacheJMeter_components.jar:5.0 r1840935]
	at org.apache.jmeter.visualizers.ViewResultsFullVisualizer.createLeftPanel(ViewResultsFullVisualizer.java:430) ~[ApacheJMeter_components.jar:5.0 r1840935]
	at org.apache.jmeter.visualizers.ViewResultsFullVisualizer.init(ViewResultsFullVisualizer.java:342) ~[ApacheJMeter_components.jar:5.0 r1840935]
	at org.apache.jmeter.visualizers.ViewResultsFullVisualizer.<init>(ViewResultsFullVisualizer.java:147) ~[ApacheJMeter_components.jar:5.0 r1840935]
	at sun.reflect.NativeConstructorAccessorImpl.newInstance0(Native Method) ~[?:1.8.0_192]
	at sun.reflect.NativeConstructorAccessorImpl.newInstance(NativeConstructorAccessorImpl.java:62) ~[?:1.8.0_192]
	at sun.reflect.DelegatingConstructorAccessorImpl.newInstance(DelegatingConstructorAccessorImpl.java:45) ~[?:1.8.0_192]
	at java.lang.reflect.Constructor.newInstance(Constructor.java:423) ~[?:1.8.0_192]
	at java.lang.Class.newInstance(Class.java:442) ~[?:1.8.0_192]
	at org.apache.jmeter.gui.util.MenuFactory.getGUIComponent(MenuFactory.java:174) ~[ApacheJMeter_core.jar:5.0 r1840935]
	at org.apache.jmeter.gui.util.MenuFactory.initializeMenus(MenuFactory.java:141) ~[ApacheJMeter_core.jar:5.0 r1840935]
	at org.apache.jmeter.gui.util.MenuFactory.<clinit>(MenuFactory.java:106) ~[ApacheJMeter_core.jar:5.0 r1840935]
	at org.apache.jmeter.control.gui.TestPlanGui.createPopupMenu(TestPlanGui.java:92) ~[ApacheJMeter_core.jar:5.0 r1840935]
	at org.apache.jmeter.gui.tree.JMeterTreeNode.createPopupMenu(JMeterTreeNode.java:184) ~[ApacheJMeter_core.jar:5.0 r1840935]
	at org.apache.jmeter.gui.action.EditCommand.doAction(EditCommand.java:46) ~[ApacheJMeter_core.jar:5.0 r1840935]
	at org.apache.jmeter.gui.action.ActionRouter.performAction(ActionRouter.java:88) ~[ApacheJMeter_core.jar:5.0 r1840935]
	at org.apache.jmeter.gui.action.ActionRouter.lambda$actionPerformed$0(ActionRouter.java:70) ~[ApacheJMeter_core.jar:5.0 r1840935]
	at java.awt.event.InvocationEvent.dispatch(InvocationEvent.java:311) [?:1.8.0_192]
	at java.awt.EventQueue.dispatchEventImpl(EventQueue.java:758) [?:1.8.0_192]
	at java.awt.EventQueue.access$500(EventQueue.java:97) [?:1.8.0_192]
	at java.awt.EventQueue$3.run(EventQueue.java:709) [?:1.8.0_192]
	at java.awt.EventQueue$3.run(EventQueue.java:703) [?:1.8.0_192]
	at java.security.AccessController.doPrivileged(Native Method) [?:1.8.0_192]
	at java.security.ProtectionDomain$JavaSecurityAccessImpl.doIntersectionPrivilege(ProtectionDomain.java:74) [?:1.8.0_192]
	at java.awt.EventQueue.dispatchEvent(EventQueue.java:728) [?:1.8.0_192]
	at java.awt.EventDispatchThread.pumpOneEventForFilters(EventDispatchThread.java:205) [?:1.8.0_192]
	at java.awt.EventDispatchThread.pumpEventsForFilter(EventDispatchThread.java:116) [?:1.8.0_192]
	at java.awt.EventDispatchThread.pumpEventsForHierarchy(EventDispatchThread.java:105) [?:1.8.0_192]
	at java.awt.EventDispatchThread.pumpEvents(EventDispatchThread.java:101) [?:1.8.0_192]
	at java.awt.EventDispatchThread.pumpEvents(EventDispatchThread.java:93) [?:1.8.0_192]
	at java.awt.EventDispatchThread.run(EventDispatchThread.java:82) [?:1.8.0_192]
Caused by: java.lang.ClassNotFoundException: javafx.embed.swing.JFXPanel
	at java.net.URLClassLoader.findClass(URLClassLoader.java:382) ~[?:1.8.0_192]
	at java.lang.ClassLoader.loadClass(ClassLoader.java:424) ~[?:1.8.0_192]
	at java.lang.ClassLoader.loadClass(ClassLoader.java:357) ~[?:1.8.0_192]
	... 33 more
2018-11-27 18:00:31,803 INFO o.a.j.g.a.Load: Loading file: /home/mkxv/Documentos/ISE/Practicas/P4/BasicTest.jmx
2018-11-27 18:00:31,804 INFO o.a.j.s.FileServer: Set new base='/home/mkxv/Documentos/ISE/Practicas/P4'
2018-11-27 18:00:31,967 INFO o.a.j.s.SaveService: Testplan (JMX) version: 2.2. Testlog (JTL) version: 2.2
2018-11-27 18:00:31,989 INFO o.a.j.s.SaveService: Using SaveService properties file encoding UTF-8
2018-11-27 18:00:31,991 INFO o.a.j.s.SaveService: Using SaveService properties version 5.0
2018-11-27 18:00:31,994 INFO o.a.j.s.SaveService: Loading file: /home/mkxv/Documentos/ISE/Practicas/P4/BasicTest.jmx
2018-11-27 18:00:32,166 WARN o.a.j.v.ViewResultsFullVisualizer: Error loading result renderer: org.apache.jmeter.visualizers.RenderInBrowser
java.lang.NoClassDefFoundError: javafx/embed/swing/JFXPanel
	at java.lang.Class.forName0(Native Method) ~[?:1.8.0_192]
	at java.lang.Class.forName(Class.java:264) ~[?:1.8.0_192]
	at org.apache.jmeter.visualizers.ViewResultsFullVisualizer.createComboRender(ViewResultsFullVisualizer.java:462) ~[ApacheJMeter_components.jar:5.0 r1840935]
	at org.apache.jmeter.visualizers.ViewResultsFullVisualizer.createLeftPanel(ViewResultsFullVisualizer.java:430) ~[ApacheJMeter_components.jar:5.0 r1840935]
	at org.apache.jmeter.visualizers.ViewResultsFullVisualizer.init(ViewResultsFullVisualizer.java:342) ~[ApacheJMeter_components.jar:5.0 r1840935]
	at org.apache.jmeter.visualizers.ViewResultsFullVisualizer.<init>(ViewResultsFullVisualizer.java:147) ~[ApacheJMeter_components.jar:5.0 r1840935]
	at sun.reflect.NativeConstructorAccessorImpl.newInstance0(Native Method) ~[?:1.8.0_192]
	at sun.reflect.NativeConstructorAccessorImpl.newInstance(NativeConstructorAccessorImpl.java:62) ~[?:1.8.0_192]
	at sun.reflect.DelegatingConstructorAccessorImpl.newInstance(DelegatingConstructorAccessorImpl.java:45) ~[?:1.8.0_192]
	at java.lang.reflect.Constructor.newInstance(Constructor.java:423) ~[?:1.8.0_192]
	at java.lang.Class.newInstance(Class.java:442) ~[?:1.8.0_192]
	at org.apache.jmeter.gui.GuiPackage.getGuiFromCache(GuiPackage.java:405) ~[ApacheJMeter_core.jar:5.0 r1840935]
	at org.apache.jmeter.gui.GuiPackage.getGui(GuiPackage.java:251) ~[ApacheJMeter_core.jar:5.0 r1840935]
	at org.apache.jmeter.gui.GuiPackage.getGui(GuiPackage.java:222) ~[ApacheJMeter_core.jar:5.0 r1840935]
	at org.apache.jmeter.gui.tree.JMeterTreeModel.addComponent(JMeterTreeModel.java:157) ~[ApacheJMeter_core.jar:5.0 r1840935]
	at org.apache.jmeter.gui.tree.JMeterTreeModel.addSubTree(JMeterTreeModel.java:133) ~[ApacheJMeter_core.jar:5.0 r1840935]
	at org.apache.jmeter.gui.tree.JMeterTreeModel.addSubTree(JMeterTreeModel.java:133) ~[ApacheJMeter_core.jar:5.0 r1840935]
	at org.apache.jmeter.gui.tree.JMeterTreeModel.addSubTree(JMeterTreeModel.java:125) ~[ApacheJMeter_core.jar:5.0 r1840935]
	at org.apache.jmeter.gui.GuiPackage.addSubTree(GuiPackage.java:522) ~[ApacheJMeter_core.jar:5.0 r1840935]
	at org.apache.jmeter.gui.action.Load.insertLoadedTree(Load.java:200) ~[ApacheJMeter_core.jar:5.0 r1840935]
	at org.apache.jmeter.gui.action.Load.loadProjectFile(Load.java:131) ~[ApacheJMeter_core.jar:5.0 r1840935]
	at org.apache.jmeter.gui.action.Load.loadProjectFile(Load.java:102) ~[ApacheJMeter_core.jar:5.0 r1840935]
	at org.apache.jmeter.gui.action.Load.doActionAfterCheck(Load.java:89) ~[ApacheJMeter_core.jar:5.0 r1840935]
	at org.apache.jmeter.gui.action.AbstractActionWithNoRunningTest.doAction(AbstractActionWithNoRunningTest.java:45) ~[ApacheJMeter_core.jar:5.0 r1840935]
	at org.apache.jmeter.gui.action.ActionRouter.performAction(ActionRouter.java:88) ~[ApacheJMeter_core.jar:5.0 r1840935]
	at org.apache.jmeter.gui.action.ActionRouter.lambda$actionPerformed$0(ActionRouter.java:70) ~[ApacheJMeter_core.jar:5.0 r1840935]
	at java.awt.event.InvocationEvent.dispatch(InvocationEvent.java:311) [?:1.8.0_192]
	at java.awt.EventQueue.dispatchEventImpl(EventQueue.java:758) [?:1.8.0_192]
	at java.awt.EventQueue.access$500(EventQueue.java:97) [?:1.8.0_192]
	at java.awt.EventQueue$3.run(EventQueue.java:709) [?:1.8.0_192]
	at java.awt.EventQueue$3.run(EventQueue.java:703) [?:1.8.0_192]
	at java.security.AccessController.doPrivileged(Native Method) [?:1.8.0_192]
	at java.security.ProtectionDomain$JavaSecurityAccessImpl.doIntersectionPrivilege(ProtectionDomain.java:74) [?:1.8.0_192]
	at java.awt.EventQueue.dispatchEvent(EventQueue.java:728) [?:1.8.0_192]
	at java.awt.EventDispatchThread.pumpOneEventForFilters(EventDispatchThread.java:205) [?:1.8.0_192]
	at java.awt.EventDispatchThread.pumpEventsForFilter(EventDispatchThread.java:116) [?:1.8.0_192]
	at java.awt.EventDispatchThread.pumpEventsForHierarchy(EventDispatchThread.java:105) [?:1.8.0_192]
	at java.awt.EventDispatchThread.pumpEvents(EventDispatchThread.java:101) [?:1.8.0_192]
	at java.awt.EventDispatchThread.pumpEvents(EventDispatchThread.java:93) [?:1.8.0_192]
	at java.awt.EventDispatchThread.run(EventDispatchThread.java:82) [?:1.8.0_192]
Caused by: java.lang.ClassNotFoundException: javafx.embed.swing.JFXPanel
	at java.net.URLClassLoader.findClass(URLClassLoader.java:382) ~[?:1.8.0_192]
	at java.lang.ClassLoader.loadClass(ClassLoader.java:424) ~[?:1.8.0_192]
	at java.lang.ClassLoader.loadClass(ClassLoader.java:357) ~[?:1.8.0_192]
	... 40 more
2018-11-27 18:00:32,231 INFO o.a.j.s.FileServer: Set new base='/home/mkxv/Documentos/ISE/Practicas/P4'
2018-11-27 18:03:10,689 INFO o.a.j.e.StandardJMeterEngine: Running the test!
2018-11-27 18:03:10,690 INFO o.a.j.s.SampleEvent: List of sample_variables: []
2018-11-27 18:03:10,690 INFO o.a.j.s.SampleEvent: List of sample_variables: []
2018-11-27 18:03:10,695 INFO o.a.j.g.u.JMeterMenuBar: setRunning(true, *local*)
2018-11-27 18:03:10,814 INFO o.a.j.e.StandardJMeterEngine: Starting ThreadGroup: 1 : Alumnos
2018-11-27 18:03:10,815 INFO o.a.j.e.StandardJMeterEngine: Starting 4 threads for group Alumnos.
2018-11-27 18:03:10,815 INFO o.a.j.e.StandardJMeterEngine: Thread will continue on error
2018-11-27 18:03:10,815 INFO o.a.j.t.ThreadGroup: Starting thread group... number=1 threads=4 ramp-up=1 perThread=250.0 delayedStart=false
2018-11-27 18:03:10,823 INFO o.a.j.t.ThreadGroup: Started thread group number 1
2018-11-27 18:03:10,824 INFO o.a.j.e.StandardJMeterEngine: All thread groups have been started
2018-11-27 18:03:10,826 INFO o.a.j.t.JMeterThread: Thread started: Alumnos 1-1
2018-11-27 18:03:10,841 INFO o.a.j.p.h.s.HTTPHCAbstractImpl: Local host = l00per
2018-11-27 18:03:10,847 INFO o.a.j.p.h.s.HTTPHC4Impl: HTTP request retry count = 0
2018-11-27 18:03:11,076 INFO o.a.j.t.JMeterThread: Thread started: Alumnos 1-2
2018-11-27 18:03:11,326 INFO o.a.j.t.JMeterThread: Thread started: Alumnos 1-3
2018-11-27 18:03:11,576 INFO o.a.j.t.JMeterThread: Thread started: Alumnos 1-4
2018-11-27 18:05:20,327 INFO o.a.j.u.JsseSSLManager: Using default SSL protocol: TLS
2018-11-27 18:05:20,327 INFO o.a.j.u.JsseSSLManager: SSL session context: per-thread
2018-11-27 18:07:52,553 INFO o.a.j.g.a.Start: Stopping test
2018-11-27 18:07:52,558 INFO o.a.j.t.JMeterThread: Stopping: Alumnos 1-3
2018-11-27 18:07:52,559 WARN o.a.j.t.JMeterThread: Interrupting: Alumnos 1-3 sampler: HTTP Request
2018-11-27 18:07:52,560 INFO o.a.j.t.JMeterThread: Stopping: Alumnos 1-1
2018-11-27 18:07:52,561 INFO o.a.j.t.JMeterThread: Thread finished: Alumnos 1-3
2018-11-27 18:07:52,562 WARN o.a.j.t.JMeterThread: Interrupting: Alumnos 1-1 sampler: HTTP Request
2018-11-27 18:07:52,564 INFO o.a.j.t.JMeterThread: Stopping: Alumnos 1-2
2018-11-27 18:07:52,565 WARN o.a.j.t.JMeterThread: Interrupting: Alumnos 1-2 sampler: HTTP Request
2018-11-27 18:07:52,566 INFO o.a.j.t.JMeterThread: Thread finished: Alumnos 1-1
2018-11-27 18:07:52,571 INFO o.a.j.t.JMeterThread: Stopping: Alumnos 1-4
2018-11-27 18:07:52,578 INFO o.a.j.t.JMeterThread: Thread finished: Alumnos 1-2
2018-11-27 18:07:52,580 WARN o.a.j.t.JMeterThread: Interrupting: Alumnos 1-4 sampler: HTTP Request
2018-11-27 18:07:52,581 INFO o.a.j.t.JMeterThread: Thread finished: Alumnos 1-4
2018-11-27 18:07:52,582 INFO o.a.j.e.StandardJMeterEngine: Notifying test listeners of end of test
2018-11-27 18:07:52,582 INFO o.a.j.g.u.JMeterMenuBar: setRunning(false, *local*)
2018-11-27 18:08:06,838 ERROR o.a.j.g.a.Save: Could not backup file! Backup directory does not exist, is not a directory or could not be created ! </opt/jmeter/backups>
2018-11-27 18:08:06,856 INFO o.a.j.g.a.Load: Loading file: /home/mkxv/Documentos/ISE/Practicas/P4/BasicTest-etsii-2.jmx
2018-11-27 18:08:06,856 INFO o.a.j.s.FileServer: Set new base='/home/mkxv/Documentos/ISE/Practicas/P4'
2018-11-27 18:08:06,856 INFO o.a.j.s.SaveService: Loading file: /home/mkxv/Documentos/ISE/Practicas/P4/BasicTest-etsii-2.jmx
2018-11-27 18:08:06,906 WARN o.a.j.v.ViewResultsFullVisualizer: Error loading result renderer: org.apache.jmeter.visualizers.RenderInBrowser
java.lang.NoClassDefFoundError: javafx/embed/swing/JFXPanel
	at java.lang.Class.forName0(Native Method) ~[?:1.8.0_192]
	at java.lang.Class.forName(Class.java:264) ~[?:1.8.0_192]
	at org.apache.jmeter.visualizers.ViewResultsFullVisualizer.createComboRender(ViewResultsFullVisualizer.java:462) ~[ApacheJMeter_components.jar:5.0 r1840935]
	at org.apache.jmeter.visualizers.ViewResultsFullVisualizer.createLeftPanel(ViewResultsFullVisualizer.java:430) ~[ApacheJMeter_components.jar:5.0 r1840935]
	at org.apache.jmeter.visualizers.ViewResultsFullVisualizer.init(ViewResultsFullVisualizer.java:342) ~[ApacheJMeter_components.jar:5.0 r1840935]
	at org.apache.jmeter.visualizers.ViewResultsFullVisualizer.<init>(ViewResultsFullVisualizer.java:147) ~[ApacheJMeter_components.jar:5.0 r1840935]
	at sun.reflect.NativeConstructorAccessorImpl.newInstance0(Native Method) ~[?:1.8.0_192]
	at sun.reflect.NativeConstructorAccessorImpl.newInstance(NativeConstructorAccessorImpl.java:62) ~[?:1.8.0_192]
	at sun.reflect.DelegatingConstructorAccessorImpl.newInstance(DelegatingConstructorAccessorImpl.java:45) ~[?:1.8.0_192]
	at java.lang.reflect.Constructor.newInstance(Constructor.java:423) ~[?:1.8.0_192]
	at java.lang.Class.newInstance(Class.java:442) ~[?:1.8.0_192]
	at org.apache.jmeter.gui.GuiPackage.getGuiFromCache(GuiPackage.java:405) ~[ApacheJMeter_core.jar:5.0 r1840935]
	at org.apache.jmeter.gui.GuiPackage.getGui(GuiPackage.java:251) ~[ApacheJMeter_core.jar:5.0 r1840935]
	at org.apache.jmeter.gui.GuiPackage.getGui(GuiPackage.java:222) ~[ApacheJMeter_core.jar:5.0 r1840935]
	at org.apache.jmeter.gui.tree.JMeterTreeModel.addComponent(JMeterTreeModel.java:157) ~[ApacheJMeter_core.jar:5.0 r1840935]
	at org.apache.jmeter.gui.tree.JMeterTreeModel.addSubTree(JMeterTreeModel.java:133) ~[ApacheJMeter_core.jar:5.0 r1840935]
	at org.apache.jmeter.gui.tree.JMeterTreeModel.addSubTree(JMeterTreeModel.java:133) ~[ApacheJMeter_core.jar:5.0 r1840935]
	at org.apache.jmeter.gui.tree.JMeterTreeModel.addSubTree(JMeterTreeModel.java:125) ~[ApacheJMeter_core.jar:5.0 r1840935]
	at org.apache.jmeter.gui.GuiPackage.addSubTree(GuiPackage.java:522) ~[ApacheJMeter_core.jar:5.0 r1840935]
	at org.apache.jmeter.gui.action.Load.insertLoadedTree(Load.java:200) ~[ApacheJMeter_core.jar:5.0 r1840935]
	at org.apache.jmeter.gui.action.Load.loadProjectFile(Load.java:131) ~[ApacheJMeter_core.jar:5.0 r1840935]
	at org.apache.jmeter.gui.action.Load.loadProjectFile(Load.java:102) ~[ApacheJMeter_core.jar:5.0 r1840935]
	at org.apache.jmeter.gui.action.Load.doActionAfterCheck(Load.java:89) ~[ApacheJMeter_core.jar:5.0 r1840935]
	at org.apache.jmeter.gui.action.AbstractActionWithNoRunningTest.doAction(AbstractActionWithNoRunningTest.java:45) ~[ApacheJMeter_core.jar:5.0 r1840935]
	at org.apache.jmeter.gui.action.ActionRouter.performAction(ActionRouter.java:88) ~[ApacheJMeter_core.jar:5.0 r1840935]
	at org.apache.jmeter.gui.action.ActionRouter.lambda$actionPerformed$0(ActionRouter.java:70) ~[ApacheJMeter_core.jar:5.0 r1840935]
	at java.awt.event.InvocationEvent.dispatch(InvocationEvent.java:311) [?:1.8.0_192]
	at java.awt.EventQueue.dispatchEventImpl(EventQueue.java:758) [?:1.8.0_192]
	at java.awt.EventQueue.access$500(EventQueue.java:97) [?:1.8.0_192]
	at java.awt.EventQueue$3.run(EventQueue.java:709) [?:1.8.0_192]
	at java.awt.EventQueue$3.run(EventQueue.java:703) [?:1.8.0_192]
	at java.security.AccessController.doPrivileged(Native Method) [?:1.8.0_192]
	at java.security.ProtectionDomain$JavaSecurityAccessImpl.doIntersectionPrivilege(ProtectionDomain.java:74) [?:1.8.0_192]
	at java.awt.EventQueue.dispatchEvent(EventQueue.java:728) [?:1.8.0_192]
	at java.awt.EventDispatchThread.pumpOneEventForFilters(EventDispatchThread.java:205) [?:1.8.0_192]
	at java.awt.EventDispatchThread.pumpEventsForFilter(EventDispatchThread.java:116) [?:1.8.0_192]
	at java.awt.EventDispatchThread.pumpEventsForHierarchy(EventDispatchThread.java:105) [?:1.8.0_192]
	at java.awt.EventDispatchThread.pumpEvents(EventDispatchThread.java:101) [?:1.8.0_192]
	at java.awt.EventDispatchThread.pumpEvents(EventDispatchThread.java:93) [?:1.8.0_192]
	at java.awt.EventDispatchThread.run(EventDispatchThread.java:82) [?:1.8.0_192]
Caused by: java.lang.ClassNotFoundException: javafx.embed.swing.JFXPanel
	at java.net.URLClassLoader.findClass(URLClassLoader.java:382) ~[?:1.8.0_192]
	at java.lang.ClassLoader.loadClass(ClassLoader.java:424) ~[?:1.8.0_192]
	at java.lang.ClassLoader.loadClass(ClassLoader.java:357) ~[?:1.8.0_192]
	... 40 more
2018-11-27 18:08:06,968 INFO o.a.j.s.FileServer: Set new base='/home/mkxv/Documentos/ISE/Practicas/P4'
